app/build/outputs/logs/manifest-merger-debug-report.txt
-- Merging decision tree log ---
manifest
ADDED from src/main/AndroidManifest.xml:2:1-36:12
	package
		ADDED from src/main/AndroidManifest.xml:3:5-44
		INJECTED from src/main/AndroidManifest.xml
		INJECTED from src/main/AndroidManifest.xml
	android:versionName
		ADDED from src/main/AndroidManifest.xml:5:5-30
		INJECTED from src/main/AndroidManifest.xml
		INJECTED from src/main/AndroidManifest.xml
	android:versionCode
		ADDED from src/main/AndroidManifest.xml:4:5-28
		INJECTED from src/main/AndroidManifest.xml
		INJECTED from src/main/AndroidManifest.xml
	xmlns:android
		ADDED from src/main/AndroidManifest.xml:2:11-69
uses-sdk
ADDED from src/main/AndroidManifest.xml:7:5-10:7
MERGED from [com.android.support:appcompat-v7:23.4.0] AndroidManifest.xml:21:5-23:78
MERGED from [com.android.support:animated-vector-drawable:23.4.0] AndroidManifest.xml:5:5-44
MERGED from [com.android.support:support-vector-drawable:23.4.0] AndroidManifest.xml:5:5-43
MERGED from [com.android.support:support-v4:23.4.0] AndroidManifest.xml:20:5-43
	tools:overrideLibrary
		ADDED from [com.android.support:appcompat-v7:23.4.0] AndroidManifest.xml:23:9-75
	android:targetSdkVersion
		ADDED from src/main/AndroidManifest.xml:9:9-38
		INJECTED from src/main/AndroidManifest.xml
		INJECTED from src/main/AndroidManifest.xml
	android:minSdkVersion
		ADDED from src/main/AndroidManifest.xml:8:9-35
		INJECTED from src/main/AndroidManifest.xml
		INJECTED from src/main/AndroidManifest.xml
uses-permission#android.permission.WRITE_EXTERNAL_STORAGE
ADDED from src/main/AndroidManifest.xml:11:5-80
	android:name
		ADDED from src/main/AndroidManifest.xml:11:22-78
uses-permission#android.permission.INTERNET
ADDED from src/main/AndroidManifest.xml:12:5-66
	android:name
		ADDED from src/main/AndroidManifest.xml:12:22-64
application
ADDED from src/main/AndroidManifest.xml:14:5-34:19
MERGED from [com.android.support:appcompat-v7:23.4.0] AndroidManifest.xml:25:5-20
MERGED from [com.android.support:animated-vector-drawable:23.4.0] AndroidManifest.xml:7:5-20
MERGED from [com.android.support:support-vector-drawable:23.4.0] AndroidManifest.xml:7:5-20
MERGED from [com.android.support:support-v4:23.4.0] AndroidManifest.xml:22:5-20
	android:label
		ADDED from src/main/AndroidManifest.xml:17:9-31
	android:allowBackup
		ADDED from src/main/AndroidManifest.xml:15:9-35
	android:icon
		ADDED from src/main/AndroidManifest.xml:16:9-37
	android:theme
		ADDED from src/main/AndroidManifest.xml:18:9-45
activity#com.chriscoliveira.contas2017.MainActivity
ADDED from src/main/AndroidManifest.xml:19:9-27:20
	android:label
		ADDED from src/main/AndroidManifest.xml:21:13-45
	android:name
		ADDED from src/main/AndroidManifest.xml:20:13-70
intent-filter#android.intent.action.MAIN+android.intent.category.LAUNCHER
ADDED from src/main/AndroidManifest.xml:22:13-26:29
action#android.intent.action.MAIN
ADDED from src/main/AndroidManifest.xml:23:17-69
	android:name
		ADDED from src/main/AndroidManifest.xml:23:25-66
category#android.intent.category.LAUNCHER
ADDED from src/main/AndroidManifest.xml:25:17-77
	android:name
		ADDED from src/main/AndroidManifest.xml:25:27-74
activity#com.chriscoliveira.contas2017.RendaActivity
ADDED from src/main/AndroidManifest.xml:28:9-125
	android:theme
		ADDED from src/main/AndroidManifest.xml:28:78-113
	android:name
		ADDED from src/main/AndroidManifest.xml:28:19-77
activity#com.chriscoliveira.contas2017.DespesaActivity
ADDED from src/main/AndroidManifest.xml:29:9-129
	android:theme
		ADDED from src/main/AndroidManifest.xml:29:80-117
	android:name
		ADDED from src/main/AndroidManifest.xml:29:19-79
activity#com.chriscoliveira.contas2017.CartaoActivity
ADDED from src/main/AndroidManifest.xml:30:9-126
	android:theme
		ADDED from src/main/AndroidManifest.xml:30:79-114
	android:name
		ADDED from src/main/AndroidManifest.xml:30:19-78
activity#com.chriscoliveira.contas2017.CadastroActivity
ADDED from src/main/AndroidManifest.xml:31:9-131
	android:theme
		ADDED from src/main/AndroidManifest.xml:31:81-119
	android:name
		ADDED from src/main/AndroidManifest.xml:31:19-80
activity#com.chriscoliveira.contas2017.AjustesActivity
ADDED from src/main/AndroidManifest.xml:32:9-128
	android:theme
		ADDED from src/main/AndroidManifest.xml:32:80-116
	android:name
		ADDED from src/main/AndroidManifest.xml:32:19-79
activity#com.chriscoliveira.contas2017.MesAMesActivity
ADDED from src/main/AndroidManifest.xml:33:9-128
	android:theme
		ADDED from src/main/AndroidManifest.xml:33:80-116
	android:name
		ADDED from src/main/AndroidManifest.xml:33:19-79